2025-12-01 13:17:05,032 | WineAnalytics.Main | INFO | Wine Analytics Application Started.
2025-12-01 13:17:05,033 | WineAnalytics.Loader | INFO | Loading wine quality dataset from: winequality-white.csv
2025-12-01 13:17:05,036 | WineAnalytics.Loader | ERROR | Dataset file not found.
Traceback (most recent call last):
  File "D:\WineAnalytics_Logging_Project\app\wine_loader.py", line 10, in load_wine_dataset
    df = pd.read_csv(path, sep=";")
  File "C:\Users\torit\AppData\Roaming\Python\Python313\site-packages\pandas\io\parsers\readers.py", line 1026, in read_csv
    return _read(filepath_or_buffer, kwds)
  File "C:\Users\torit\AppData\Roaming\Python\Python313\site-packages\pandas\io\parsers\readers.py", line 620, in _read
    parser = TextFileReader(filepath_or_buffer, **kwds)
  File "C:\Users\torit\AppData\Roaming\Python\Python313\site-packages\pandas\io\parsers\readers.py", line 1620, in __init__
    self._engine = self._make_engine(f, self.engine)
                   ~~~~~~~~~~~~~~~~~^^^^^^^^^^^^^^^^
  File "C:\Users\torit\AppData\Roaming\Python\Python313\site-packages\pandas\io\parsers\readers.py", line 1880, in _make_engine
    self.handles = get_handle(
                   ~~~~~~~~~~^
        f,
        ^^
    ...<6 lines>...
        storage_options=self.options.get("storage_options", None),
        ^^^^^^^^^^^^^^^^^^^^^^^^^^^^^^^^^^^^^^^^^^^^^^^^^^^^^^^^^^
    )
    ^
  File "C:\Users\torit\AppData\Roaming\Python\Python313\site-packages\pandas\io\common.py", line 873, in get_handle
    handle = open(
        handle,
    ...<3 lines>...
        newline="",
    )
FileNotFoundError: [Errno 2] No such file or directory: 'winequality-white.csv'
2025-12-01 13:17:05,121 | WineAnalytics.Main | ERROR | Dataset failed to load. Terminating application.
2025-12-01 13:18:12,729 | WineAnalytics.Main | INFO | Wine Analytics Application Started.
2025-12-01 13:18:12,729 | WineAnalytics.Loader | INFO | Loading wine quality dataset from: winequality-white.csv
2025-12-01 13:18:12,750 | WineAnalytics.Loader | DEBUG | File loaded successfully. Shape: (4898, 12)
2025-12-01 13:18:12,750 | WineAnalytics.Loader | DEBUG | Columns detected: ['fixed acidity', 'volatile acidity', 'citric acid', 'residual sugar', 'chlorides', 'free sulfur dioxide', 'total sulfur dioxide', 'density', 'pH', 'sulphates', 'alcohol', 'quality']
2025-12-01 13:18:12,777 | WineAnalytics.Loader | DEBUG | Preview of dataset head:
   fixed acidity  volatile acidity  ...  alcohol  quality
0            7.0              0.27  ...      8.8        6
1            6.3              0.30  ...      9.5        6
2            8.1              0.28  ...     10.1        6
3            7.2              0.23  ...      9.9        6
4            7.2              0.23  ...      9.9        6

[5 rows x 12 columns]
2025-12-01 13:18:12,778 | WineAnalytics.Loader | INFO | No missing values detected in dataset.
2025-12-01 13:18:12,778 | WineAnalytics.Analyzer | INFO | Starting wine quality analysis...
2025-12-01 13:18:12,781 | WineAnalytics.Analyzer | DEBUG | Processed 'fixed acidity' -> mean=6.855, min=3.800, max=14.200
2025-12-01 13:18:12,782 | WineAnalytics.Analyzer | DEBUG | Processed 'volatile acidity' -> mean=0.278, min=0.080, max=1.100
2025-12-01 13:18:12,782 | WineAnalytics.Analyzer | DEBUG | Processed 'citric acid' -> mean=0.334, min=0.000, max=1.660
2025-12-01 13:18:12,782 | WineAnalytics.Analyzer | DEBUG | Processed 'residual sugar' -> mean=6.391, min=0.600, max=65.800
2025-12-01 13:18:12,783 | WineAnalytics.Analyzer | DEBUG | Processed 'chlorides' -> mean=0.046, min=0.009, max=0.346
2025-12-01 13:18:12,783 | WineAnalytics.Analyzer | DEBUG | Processed 'free sulfur dioxide' -> mean=35.308, min=2.000, max=289.000
2025-12-01 13:18:12,783 | WineAnalytics.Analyzer | DEBUG | Processed 'total sulfur dioxide' -> mean=138.361, min=9.000, max=440.000
2025-12-01 13:18:12,783 | WineAnalytics.Analyzer | DEBUG | Processed 'density' -> mean=0.994, min=0.987, max=1.039
2025-12-01 13:18:12,783 | WineAnalytics.Analyzer | DEBUG | Processed 'pH' -> mean=3.188, min=2.720, max=3.820
2025-12-01 13:18:12,784 | WineAnalytics.Analyzer | DEBUG | Processed 'sulphates' -> mean=0.490, min=0.220, max=1.080
2025-12-01 13:18:12,784 | WineAnalytics.Analyzer | DEBUG | Processed 'alcohol' -> mean=10.514, min=8.000, max=14.200
2025-12-01 13:18:12,788 | WineAnalytics.Analyzer | INFO | Quality distribution (rating frequency):
2025-12-01 13:18:12,790 | WineAnalytics.Analyzer | INFO | 
quality
3      20
4     163
5    1457
6    2198
7     880
8     175
9       5
Name: count, dtype: int64
2025-12-01 13:18:12,790 | WineAnalytics.Analyzer | INFO | Wine quality analysis completed successfully.
2025-12-01 13:18:12,790 | WineAnalytics.Main | INFO | 
=== Wine Feature Summary (mean, min, max) ===

2025-12-01 13:18:12,800 | WineAnalytics.Main | INFO | 
=== Wine Quality Rating Distribution ===

2025-12-01 13:18:12,803 | WineAnalytics.Main | INFO | Wine Analytics Application Finished Successfully.
2025-12-01 13:20:25,430 | WineAnalytics.Main | INFO | Wine Analytics Application Started.
2025-12-01 13:20:25,431 | WineAnalytics.Loader | INFO | Loading wine quality dataset from: winequality-white.csv
2025-12-01 13:20:25,444 | WineAnalytics.Loader | DEBUG | File loaded successfully. Shape: (4898, 12)
2025-12-01 13:20:25,445 | WineAnalytics.Loader | DEBUG | Columns detected: ['fixed acidity', 'volatile acidity', 'citric acid', 'residual sugar', 'chlorides', 'free sulfur dioxide', 'total sulfur dioxide', 'density', 'pH', 'sulphates', 'alcohol', 'quality']
2025-12-01 13:20:25,460 | WineAnalytics.Loader | DEBUG | Preview of dataset head:
   fixed acidity  volatile acidity  ...  alcohol  quality
0            7.0              0.27  ...      8.8        6
1            6.3              0.30  ...      9.5        6
2            8.1              0.28  ...     10.1        6
3            7.2              0.23  ...      9.9        6
4            7.2              0.23  ...      9.9        6

[5 rows x 12 columns]
2025-12-01 13:20:25,461 | WineAnalytics.Loader | INFO | No missing values detected in dataset.
2025-12-01 13:20:25,461 | WineAnalytics.Analyzer | INFO | Starting wine quality analysis...
2025-12-01 13:20:25,463 | WineAnalytics.Analyzer | DEBUG | Processed 'fixed acidity' -> mean=6.855, min=3.800, max=14.200
2025-12-01 13:20:25,463 | WineAnalytics.Analyzer | DEBUG | Processed 'volatile acidity' -> mean=0.278, min=0.080, max=1.100
2025-12-01 13:20:25,463 | WineAnalytics.Analyzer | DEBUG | Processed 'citric acid' -> mean=0.334, min=0.000, max=1.660
2025-12-01 13:20:25,463 | WineAnalytics.Analyzer | DEBUG | Processed 'residual sugar' -> mean=6.391, min=0.600, max=65.800
2025-12-01 13:20:25,464 | WineAnalytics.Analyzer | DEBUG | Processed 'chlorides' -> mean=0.046, min=0.009, max=0.346
2025-12-01 13:20:25,464 | WineAnalytics.Analyzer | DEBUG | Processed 'free sulfur dioxide' -> mean=35.308, min=2.000, max=289.000
2025-12-01 13:20:25,465 | WineAnalytics.Analyzer | DEBUG | Processed 'total sulfur dioxide' -> mean=138.361, min=9.000, max=440.000
2025-12-01 13:20:25,465 | WineAnalytics.Analyzer | DEBUG | Processed 'density' -> mean=0.994, min=0.987, max=1.039
2025-12-01 13:20:25,465 | WineAnalytics.Analyzer | DEBUG | Processed 'pH' -> mean=3.188, min=2.720, max=3.820
2025-12-01 13:20:25,465 | WineAnalytics.Analyzer | DEBUG | Processed 'sulphates' -> mean=0.490, min=0.220, max=1.080
2025-12-01 13:20:25,465 | WineAnalytics.Analyzer | DEBUG | Processed 'alcohol' -> mean=10.514, min=8.000, max=14.200
2025-12-01 13:20:25,466 | WineAnalytics.Analyzer | INFO | Quality distribution (rating frequency):
2025-12-01 13:20:25,467 | WineAnalytics.Analyzer | INFO | 
quality
3      20
4     163
5    1457
6    2198
7     880
8     175
9       5
Name: count, dtype: int64
2025-12-01 13:20:25,467 | WineAnalytics.Analyzer | INFO | Wine quality analysis completed successfully.
2025-12-01 13:20:25,467 | WineAnalytics.Main | INFO | 
=== Wine Feature Summary (mean, min, max) ===

2025-12-01 13:20:25,472 | WineAnalytics.Main | INFO | 
=== Wine Quality Rating Distribution ===

2025-12-01 13:20:25,473 | WineAnalytics.Main | INFO | Analysis runtime: 0.04 seconds
2025-12-01 13:20:25,473 | WineAnalytics.Main | INFO | Wine Analytics Application Finished Successfully.
